<?xml version="1.0" encoding="UTF-8"?>
<!-- Generated by org.testng.reporters.JUnitXMLReporter -->
<testsuite hostname="LAPTOP-2CA2UD9P" ignored="0" name="Execute All Test Cases" tests="28" failures="0" timestamp="30 Apr 2021 20:12:59 GMT" time="8.204" errors="0">
  <testcase name="testResponseCodeAndContentType" time="1.456" classname="testcase.singleEndpoint.comment.CommentsTest"/>
  <testcase name="testResponseCodeAndContentType" time="0.171" classname="testcase.singleEndpoint.comment.CommentsTest"/>
  <testcase name="testResponseCodeWithInvalidCommentsId" time="0.128" classname="testcase.singleEndpoint.comment.CommentsTest"/>
  <testcase name="testResponseCodeWithInvalidCommentsId" time="0.452" classname="testcase.singleEndpoint.comment.CommentsTest"/>
  <testcase name="testResponseStatusCode200AndContentTypeJSON" time="0.089" classname="testcase.singleEndpoint.comment.CommentsTest"/>
  <testcase name="testResponseBodyWithIdNameAndEmail" time="0.507" classname="testcase.singleEndpoint.comment.CommentsTest"/>
  <testcase name="testResponseBodyWithIdNameAndEmail" time="0.086" classname="testcase.singleEndpoint.comment.CommentsTest"/>
  <testcase name="fetchListOfCommentsAndAssertSize" time="0.14" classname="testcase.singleEndpoint.comment.CommentsTest"/>
  <testcase name="testResponseCodeAndContentType" time="0.131" classname="testcase.singleEndpoint.post.PostsTest"/>
  <testcase name="testResponseCodeAndContentType" time="0.128" classname="testcase.singleEndpoint.post.PostsTest"/>
  <testcase name="testResponseCodeWithInvalidPostsId" time="0.086" classname="testcase.singleEndpoint.post.PostsTest"/>
  <testcase name="testResponseCodeWithInvalidPostsId" time="0.464" classname="testcase.singleEndpoint.post.PostsTest"/>
  <testcase name="testResponseStatusCode200AndContentTypeJSON" time="0.078" classname="testcase.singleEndpoint.post.PostsTest"/>
  <testcase name="testResponseBodyWithIdTitleAndBody" time="0.139" classname="testcase.singleEndpoint.post.PostsTest"/>
  <testcase name="testResponseBodyWithIdTitleAndBody" time="0.104" classname="testcase.singleEndpoint.post.PostsTest"/>
  <testcase name="fetchListOfPostsAndAssertSize" time="0.142" classname="testcase.singleEndpoint.post.PostsTest"/>
  <testcase name="testResponseCodeAndContentType" time="0.07" classname="testcase.singleEndpoint.user.UsersTest"/>
  <testcase name="testResponseCodeAndContentType" time="0.13" classname="testcase.singleEndpoint.user.UsersTest"/>
  <testcase name="testResponseCodeWithInvalidUsersId" time="0.133" classname="testcase.singleEndpoint.user.UsersTest"/>
  <testcase name="testResponseCodeWithInvalidUsersId" time="0.095" classname="testcase.singleEndpoint.user.UsersTest"/>
  <testcase name="testResponseStatusCode200AndContentTypeJSON" time="0.092" classname="testcase.singleEndpoint.user.UsersTest"/>
  <testcase name="testResponseBodyWithIdTitleAndBody" time="0.089" classname="testcase.singleEndpoint.user.UsersTest"/>
  <testcase name="testResponseBodyWithIdTitleAndBody" time="0.081" classname="testcase.singleEndpoint.user.UsersTest"/>
  <testcase name="fetchListOfUsersAndAssertSize" time="0.11" classname="testcase.singleEndpoint.user.UsersTest"/>
  <testcase name="validateEmailFormatInCommentsForPostsByUser" time="2.002" classname="testcase.multipleEndpoints.comments.CommentsOfPostsByUserTest"/>
  <testcase name="testTotalCountOfPostsByUserAndValidateResponseBody" time="0.201" classname="testcase.multipleEndpoints.posts.PostsByUserTest"/>
  <testcase name="testTotalCountOfPostsByUserAndValidateResponseBody" time="0.212" classname="testcase.multipleEndpoints.posts.PostsByUserTest"/>
  <testcase name="testTotalCountOfPostsByUserAndValidateResponseBody" time="0.166" classname="testcase.multipleEndpoints.posts.PostsByUserTest"/>
</testsuite> <!-- Execute All Test Cases -->
