<?xml version="1.0" encoding="UTF-8"?>
<testsuite xmlns:xsi="http://www.w3.org/2001/XMLSchema-instance" xsi:schemaLocation="https://maven.apache.org/surefire/maven-surefire-plugin/xsd/surefire-test-report.xsd" name="TestSuite" time="8.736" tests="28" errors="0" skipped="0" failures="0">
  <properties>
[...]
</properties>
  <testcase name="testResponseCodeAndContentType" classname="testcase.singleEndpoint.comment.CommentsTest" time="1.457"/>
  <testcase name="testResponseCodeAndContentType" classname="testcase.singleEndpoint.comment.CommentsTest" time="0.169"/>
  <testcase name="testResponseCodeWithInvalidCommentsId" classname="testcase.singleEndpoint.comment.CommentsTest" time="0.128"/>
  <testcase name="testResponseCodeWithInvalidCommentsId" classname="testcase.singleEndpoint.comment.CommentsTest" time="0.453"/>
  <testcase name="testResponseStatusCode200AndContentTypeJSON" classname="testcase.singleEndpoint.comment.CommentsTest" time="0.09"/>
  <testcase name="testResponseBodyWithIdNameAndEmail" classname="testcase.singleEndpoint.comment.CommentsTest" time="0.522"/>
  <testcase name="testResponseBodyWithIdNameAndEmail" classname="testcase.singleEndpoint.comment.CommentsTest" time="0.089"/>
  <testcase name="fetchListOfCommentsAndAssertSize" classname="testcase.singleEndpoint.comment.CommentsTest" time="0.123"/>
  <testcase name="testResponseCodeAndContentType" classname="testcase.singleEndpoint.post.PostsTest" time="0.13"/>
  <testcase name="testResponseCodeAndContentType" classname="testcase.singleEndpoint.post.PostsTest" time="0.129"/>
  <testcase name="testResponseCodeWithInvalidPostsId" classname="testcase.singleEndpoint.post.PostsTest" time="0.086"/>
  <testcase name="testResponseCodeWithInvalidPostsId" classname="testcase.singleEndpoint.post.PostsTest" time="0.464"/>
  <testcase name="testResponseStatusCode200AndContentTypeJSON" classname="testcase.singleEndpoint.post.PostsTest" time="0.078"/>
  <testcase name="testResponseBodyWithIdTitleAndBody" classname="testcase.singleEndpoint.post.PostsTest" time="0.152"/>
  <testcase name="testResponseBodyWithIdTitleAndBody" classname="testcase.singleEndpoint.post.PostsTest" time="0.107"/>
  <testcase name="fetchListOfPostsAndAssertSize" classname="testcase.singleEndpoint.post.PostsTest" time="0.126"/>
  <testcase name="testResponseCodeAndContentType" classname="testcase.singleEndpoint.user.UsersTest" time="0.071"/>
  <testcase name="testResponseCodeAndContentType" classname="testcase.singleEndpoint.user.UsersTest" time="0.13"/>
  <testcase name="testResponseCodeWithInvalidUsersId" classname="testcase.singleEndpoint.user.UsersTest" time="0.133"/>
  <testcase name="testResponseCodeWithInvalidUsersId" classname="testcase.singleEndpoint.user.UsersTest" time="0.094"/>
  <testcase name="testResponseStatusCode200AndContentTypeJSON" classname="testcase.singleEndpoint.user.UsersTest" time="0.093"/>
  <testcase name="testResponseBodyWithIdTitleAndBody" classname="testcase.singleEndpoint.user.UsersTest" time="0.104"/>
  <testcase name="testResponseBodyWithIdTitleAndBody" classname="testcase.singleEndpoint.user.UsersTest" time="0.084"/>
  <testcase name="fetchListOfUsersAndAssertSize" classname="testcase.singleEndpoint.user.UsersTest" time="0.092"/>
  <testcase name="validateEmailFormatInCommentsForPostsByUser" classname="testcase.multipleEndpoints.comments.CommentsOfPostsByUserTest" time="2.027"/>
  <testcase name="testTotalCountOfPostsByUserAndValidateResponseBody" classname="testcase.multipleEndpoints.posts.PostsByUserTest" time="0.203"/>
  <testcase name="testTotalCountOfPostsByUserAndValidateResponseBody" classname="testcase.multipleEndpoints.posts.PostsByUserTest" time="0.189"/>
  <testcase name="testTotalCountOfPostsByUserAndValidateResponseBody" classname="testcase.multipleEndpoints.posts.PostsByUserTest" time="0.168"/>
</testsuite>